<?xml version="1.0" encoding="UTF-8"?>
<!-- Generated by org.testng.reporters.JUnitXMLReporter -->
<testsuite hostname="HOME-PC" ignored="0" name="Default test" tests="3" failures="0" timestamp="27 May 2018 03:42:21 GMT" time="4.908" errors="0">
  <testcase name="clickwebelenemtitems" time="4.601" classname="Firstpagetest.ATHomePageTest"/>
  <testcase name="emailvalidation" time="0.002" classname="Firstpagetest.ATHomePageTest"/>
  <testcase name="verifyContainerDetails" time="0.27" classname="Firstpagetest.ATHomePageTest"/>
</testsuite> <!-- Default test -->
